Valid: 449
Sum of valid sectors: 245102
----------------------------------------------------------------
('fuzzy candy coating financing', 927)
('consumer grade dye management', 818)
('radioactive basket department', 308)
('international consumer grade scavenger hunt department', 557)
('corrosive candy sales', 230)
('radioactive basket development', 921)
('unstable chocolate development', 769)
('military grade chocolate marketing', 706)
('fuzzy military grade bunny research', 492)
('northpole object storage', 324)
('projectile candy logistics', 168)
('projectile candy shipping', 901)
('top secret plastic grass engineering', 775)
('radioactive jellybean user testing', 247)
('international candy design', 901)
('magnetic scavenger hunt logistics', 380)
('classified scavenger hunt acquisition', 196)
('consumer grade candy analysis', 526)
('colorful flower containment', 955)
('weaponized plastic grass logistics', 277)
('radioactive rabbit sales', 880)
('biohazardous plastic grass operations', 214)
('military grade dye analysis', 107)
('radioactive consumer grade bunny receiving', 392)
('corrosive chocolate development', 953)
('magnetic rabbit design', 297)
('cryogenic international dye services', 398)
('weaponized candy coating development', 377)
('fuzzy top secret jellybean services', 908)
('radioactive plastic grass logistics', 654)
('fuzzy egg development', 382)
('international scavenger hunt containment', 216)
('rampaging scavenger hunt laboratory', 913)
('consumer grade dye laboratory', 352)
('classified scavenger hunt receiving', 995)
('international basket deployment', 355)
('cryogenic candy storage', 585)
('radioactive rabbit services', 829)
('consumer grade unstable egg user testing', 508)
('magnetic jellybean analysis', 786)
('classified dye analysis', 262)
('fuzzy international chocolate containment', 560)
('consumer grade jellybean financing', 929)
('fuzzy bunny services', 457)
('top secret bunny analysis', 751)
('classified scavenger hunt workshop', 589)
('international basket customer service', 664)
('consumer grade dye analysis', 951)
('radioactive dye reacquisition', 955)
('top secret candy coating logistics', 103)
('magnetic scavenger hunt operations', 163)
('biohazardous rabbit purchasing', 341)
('consumer grade chocolate department', 271)
('colorful basket deployment', 845)
('colorful scavenger hunt laboratory', 412)
('military grade cryogenic plastic grass training', 212)
('military grade bunny marketing', 859)
('military grade scavenger hunt management', 946)
('corrosive candy shipping', 808)
('top secret jellybean operations', 769)
('fuzzy bunny department', 203)
('projectile colorful bunny user testing', 578)
('unstable candy coating laboratory', 740)
('colorful jellybean acquisition', 380)
('weaponized candy coating management', 142)
('cryogenic plastic grass training', 148)
('colorful chocolate marketing', 136)
('classified candy shipping', 127)
('international plastic grass analysis', 459)
('radioactive chocolate workshop', 556)
('biohazardous colorful egg deployment', 917)
('top secret flower sales', 408)
('consumer grade egg design', 756)
('weaponized basket research', 787)
('colorful scavenger hunt services', 175)
('magnetic candy receiving', 699)
('consumer grade egg technology', 764)
('unstable flower reacquisition', 564)
('classified basket technology', 787)
('projectile plastic grass laboratory', 352)
('consumer grade egg containment', 999)
('military grade scavenger hunt training', 516)
('classified egg management', 578)
('military grade flower storage', 287)
('fuzzy plastic grass financing', 428)
('classified basket management', 115)
('fuzzy consumer grade rabbit shipping', 154)
('consumer grade rabbit engineering', 506)
('unstable plastic grass receiving', 259)
('projectile candy coating management', 854)
('top secret flower shipping', 612)
('magnetic flower sales', 608)
('unstable chocolate sales', 326)
('top secret bunny training', 981)
('rampaging scavenger hunt customer service', 116)
('rampaging top secret basket technology', 483)
('military grade chocolate department', 311)
('top secret plastic grass sales', 743)
('military grade biohazardous egg design', 946)
('top secret jellybean storage', 703)
('radioactive basket technology', 336)
('colorful flower engineering', 140)
('weaponized dye storage', 789)
('international dye containment', 931)
('radioactive egg storage', 608)
('consumer grade candy department', 980)
('radioactive egg logistics', 796)
('fuzzy chocolate receiving', 841)
('unstable basket department', 818)
('military grade plastic grass containment', 628)
('international fuzzy candy receiving', 628)
('weaponized candy management', 324)
('corrosive candy coating research', 699)
('international egg management', 722)
('weaponized rabbit analysis', 705)
('rampaging flower engineering', 317)
('magnetic chocolate department', 615)
('colorful scavenger hunt workshop', 840)
('classified chocolate research', 582)
('top secret egg financing', 205)
('corrosive candy coating marketing', 843)
('projectile jellybean reacquisition', 344)
('top secret colorful jellybean containment', 365)
('colorful flower acquisition', 299)
('colorful flower laboratory', 507)
('rampaging chocolate acquisition', 373)
('consumer grade chocolate receiving', 418)
('colorful candy shipping', 498)
('magnetic candy sales', 873)
('radioactive candy coating marketing', 986)
('biohazardous plastic grass financing', 736)
('international dye shipping', 914)
('fuzzy magnetic flower laboratory', 376)
('biohazardous jellybean department', 648)
('fuzzy jellybean training', 455)
('corrosive flower purchasing', 644)
('unstable candy design', 654)
('unstable basket containment', 108)
('unstable jellybean sales', 386)
('biohazardous egg shipping', 174)
('top secret rabbit analysis', 509)
('projectile dye laboratory', 175)
('weaponized flower design', 771)
('weaponized projectile candy services', 419)
('fuzzy unstable candy design', 462)
('military grade dye operations', 911)
('consumer grade biohazardous bunny engineering', 989)
('consumer grade candy development', 330)
('magnetic basket management', 891)
('projectile bunny containment', 684)
('corrosive candy operations', 683)
('colorful dye workshop', 439)
('biohazardous egg training', 342)
('military grade candy coating workshop', 538)
('biohazardous dye acquisition', 214)
('fuzzy candy coating purchasing', 740)
('military grade basket design', 915)
('colorful candy technology', 593)
('magnetic basket development', 370)
('classified scavenger hunt training', 386)
('cryogenic dye marketing', 773)
('weaponized egg research', 750)
('classified bunny technology', 697)
('rampaging candy coating laboratory', 998)
('rampaging egg deployment', 609)
('projectile basket department', 221)
('radioactive magnetic plastic grass logistics', 585)
('classified plastic grass laboratory', 377)
('unstable flower analysis', 972)
('biohazardous scavenger hunt services', 343)
('radioactive plastic grass customer service', 185)
('rampaging rabbit development', 809)
('military grade egg logistics', 785)
('weaponized scavenger hunt marketing', 538)
('rampaging candy acquisition', 142)
('international chocolate department', 261)
('rampaging scavenger hunt user testing', 787)
('colorful candy coating financing', 358)
('radioactive rabbit receiving', 117)
('cryogenic plastic grass acquisition', 559)
('top secret rabbit sales', 659)
('radioactive basket laboratory', 810)
('corrosive jellybean department', 330)
('biohazardous rabbit training', 761)
('corrosive bunny engineering', 171)
('cryogenic jellybean management', 384)
('corrosive colorful plastic grass analysis', 337)
('international weaponized chocolate acquisition', 371)
('fuzzy chocolate design', 504)
('top secret candy coating training', 115)
('unstable scavenger hunt department', 893)
('international bunny deployment', 643)
('corrosive chocolate workshop', 285)
('fuzzy bunny research', 648)
('cryogenic bunny shipping', 863)
('colorful candy marketing', 628)
('international egg shipping', 499)
('rampaging candy analysis', 696)
('fuzzy magnetic flower analysis', 504)
('radioactive military grade candy coating operations', 633)
('rampaging chocolate analysis', 608)
('cryogenic flower analysis', 756)
('corrosive basket technology', 540)
('top secret candy engineering', 251)
('classified candy receiving', 931)
('top secret dye technology', 231)
('consumer grade scavenger hunt financing', 362)
('magnetic dye reacquisition', 293)
('classified rabbit shipping', 798)
('biohazardous egg customer service', 606)
('rampaging radioactive candy shipping', 470)
('projectile egg sales', 815)
('corrosive flower services', 693)
('rampaging egg engineering', 512)
('biohazardous dye technology', 646)
('fuzzy chocolate operations', 966)
('classified dye workshop', 716)
('consumer grade dye receiving', 153)
('radioactive candy user testing', 684)
('magnetic bunny research', 722)
('corrosive scavenger hunt receiving', 479)
('rampaging scavenger hunt technology', 873)
('cryogenic jellybean marketing', 526)
('classified chocolate services', 332)
('weaponized candy coating deployment', 715)
('classified scavenger hunt sales', 628)
('unstable weaponized candy coating user testing', 229)
('fuzzy chocolate customer service', 283)
('international egg containment', 397)
('magnetic plastic grass acquisition', 992)
('consumer grade jellybean engineering', 204)
('projectile basket financing', 528)
('classified flower acquisition', 758)
('military grade candy coating marketing', 272)
('colorful egg financing', 563)
('unstable dye development', 387)
('weaponized jellybean research', 721)
('unstable fuzzy rabbit customer service', 803)
('radioactive rabbit laboratory', 775)
('radioactive chocolate storage', 786)
('classified rabbit management', 528)
('international flower services', 226)
('international flower training', 211)
('military grade candy financing', 491)
('weaponized basket containment', 199)
('projectile jellybean management', 374)
('projectile dye customer service', 270)
('rampaging chocolate technology', 402)
('fuzzy candy coating laboratory', 862)
('consumer grade candy purchasing', 886)
('corrosive bunny storage', 612)
('unstable rabbit marketing', 935)
('unstable scavenger hunt customer service', 663)
('unstable colorful rabbit workshop', 399)
('magnetic corrosive scavenger hunt analysis', 401)
('classified egg technology', 316)
('corrosive radioactive bunny engineering', 204)
('top secret candy analysis', 175)
('biohazardous rabbit containment', 392)
('projectile cryogenic rabbit management', 455)
('magnetic bunny engineering', 223)
('classified flower services', 230)
('military grade egg containment', 378)
('biohazardous scavenger hunt sales', 228)
('cryogenic dye acquisition', 581)
('cryogenic rabbit technology', 394)
('radioactive flower development', 792)
('classified egg laboratory', 410)
('colorful chocolate financing', 928)
('international candy user testing', 239)
('biohazardous candy coating analysis', 783)
('consumer grade classified rabbit operations', 501)
('cryogenic dye management', 159)
('biohazardous scavenger hunt customer service', 755)
('military grade rampaging bunny operations', 623)
('corrosive bunny logistics', 280)
('classified plastic grass logistics', 700)
('fuzzy plastic grass logistics', 255)
('military grade dye development', 369)
('weaponized candy engineering', 154)
('classified plastic grass containment', 653)
('biohazardous scavenger hunt management', 967)
('international scavenger hunt logistics', 699)
('military grade candy coating reacquisition', 328)
('top secret magnetic egg design', 730)
('unstable chocolate storage', 379)
('classified plastic grass deployment', 644)
('magnetic top secret bunny purchasing', 760)
('corrosive chocolate operations', 420)
('projectile dye receiving', 720)
('projectile basket customer service', 682)
('projectile bunny training', 619)
('biohazardous basket research', 573)
('biohazardous radioactive candy coating receiving', 414)
('consumer grade bunny storage', 359)
('scavenger hunt training', 682)
('fuzzy chocolate reacquisition', 502)
('fuzzy scavenger hunt analysis', 420)
('radioactive jellybean training', 994)
('magnetic dye workshop', 783)
('corrosive candy coating customer service', 163)
('biohazardous rabbit services', 204)
('international chocolate marketing', 774)
('cryogenic consumer grade candy laboratory', 367)
('unstable egg department', 231)
('fuzzy candy department', 395)
('fuzzy basket management', 348)
('cryogenic scavenger hunt technology', 285)
('rampaging jellybean services', 560)
('cryogenic flower management', 953)
('biohazardous jellybean technology', 807)
('corrosive basket customer service', 787)
('weaponized chocolate receiving', 148)
('fuzzy dye logistics', 706)
('corrosive candy engineering', 198)
('classified egg training', 841)
('classified rabbit laboratory', 315)
('consumer grade egg training', 109)
('classified chocolate department', 718)
('classified unstable dye customer service', 214)
('unstable jellybean development', 564)
('fuzzy candy development', 679)
('magnetic egg logistics', 218)
('projectile scavenger hunt logistics', 761)
('cryogenic bunny department', 913)
('radioactive flower technology', 622)
('biohazardous scavenger hunt deployment', 381)
('magnetic rabbit operations', 405)
('cryogenic jellybean customer service', 139)
('classified dye development', 331)
('consumer grade jellybean research', 319)
('top secret egg customer service', 250)
('biohazardous egg sales', 822)
('rampaging scavenger hunt workshop', 533)
('classified plastic grass technology', 481)
('rampaging basket deployment', 503)
('magnetic jellybean training', 252)
('cryogenic candy coating department', 177)
('consumer grade plastic grass engineering', 951)
('unstable fuzzy chocolate design', 267)
('military grade consumer grade candy coating sales', 986)
('unstable fuzzy plastic grass deployment', 957)
('cryogenic candy coating logistics', 636)
('top secret candy laboratory', 305)
('consumer grade chocolate training', 352)
('classified cryogenic dye laboratory', 904)
('colorful corrosive flower purchasing', 544)
('magnetic plastic grass development', 389)
('colorful weaponized rabbit workshop', 344)
('cryogenic consumer grade rabbit training', 460)
('radioactive plastic grass training', 256)
('rampaging chocolate reacquisition', 976)
('classified jellybean management', 178)
('corrosive rabbit acquisition', 743)
('top secret flower operations', 209)
('projectile candy coating development', 619)
('rampaging bunny operations', 793)
('colorful jellybean customer service', 811)
('weaponized plastic grass management', 418)
('consumer grade basket management', 489)
('colorful candy coating operations', 570)
('colorful scavenger hunt deployment', 345)
('consumer grade basket user testing', 609)
('consumer grade fuzzy dye deployment', 232)
('classified military grade flower department', 948)
('magnetic egg training', 755)
('fuzzy basket design', 236)
('military grade egg design', 913)
('unstable candy receiving', 589)
('military grade candy purchasing', 578)
('military grade candy shipping', 799)
('international basket reacquisition', 626)
('classified dye containment', 807)
('projectile jellybean development', 886)
('projectile chocolate reacquisition', 535)
('biohazardous candy deployment', 651)
('biohazardous bunny design', 819)
('classified dye deployment', 688)
('magnetic candy research', 163)
('fuzzy bunny management', 140)
('consumer grade plastic grass logistics', 395)
('corrosive egg sales', 975)
('cryogenic bunny training', 568)
('colorful jellybean analysis', 803)
('magnetic bunny reacquisition', 859)
('projectile candy coating operations', 681)
('magnetic dye financing', 887)
('magnetic plastic grass shipping', 669)
('colorful bunny receiving', 773)
('magnetic bunny training', 211)
('classified fuzzy dye receiving', 932)
('unstable plastic grass purchasing', 405)
('rampaging egg purchasing', 386)
('corrosive scavenger hunt customer service', 647)
('classified plastic grass user testing', 659)
('radioactive dye design', 249)
('corrosive bunny acquisition', 941)
('military grade candy coating sales', 626)
('biohazardous dye workshop', 368)
('classified rabbit customer service', 593)
('magnetic rabbit purchasing', 865)
('magnetic basket user testing', 891)
('dye design', 347)
('projectile basket user testing', 362)
('consumer grade candy coating user testing', 142)
('classified scavenger hunt department', 360)
('projectile plastic grass analysis', 921)
('unstable bunny marketing', 612)
('fuzzy classified flower receiving', 452)
('consumer grade plastic grass management', 576)
('corrosive egg management', 120)
('cryogenic rabbit analysis', 691)
('weaponized basket analysis', 928)
('corrosive bunny department', 308)
('projectile bunny development', 110)
('rampaging bunny research', 218)
('rampaging plastic grass laboratory', 673)
('fuzzy flower containment', 386)
('magnetic rabbit technology', 605)
('top secret chocolate management', 823)
('radioactive bunny user testing', 532)
('rampaging plastic grass research', 660)
('rampaging egg customer service', 457)
('international plastic grass reacquisition', 467)
('top secret scavenger hunt training', 820)
('consumer grade basket workshop', 359)
('projectile bunny logistics', 608)
('consumer grade plastic grass analysis', 525)
('top secret jellybean workshop', 175)
('consumer grade jellybean shipping', 507)
('international rabbit services', 302)
('unstable chocolate user testing', 484)
('weaponized rabbit management', 629)
('consumer grade rabbit containment', 240)
('military grade magnetic plastic grass customer service', 990)
('rampaging chocolate user testing', 628)
('international colorful plastic grass acquisition', 734)
('corrosive jellybean research', 567)
('international egg purchasing', 569)
('unstable scavenger hunt research', 999)
('consumer grade scavenger hunt customer service', 331)
('magnetic classified plastic grass sales', 658)
('rampaging candy management', 267)
('military grade flower research', 802)
('biohazardous candy storage', 849)
('fuzzy basket purchasing', 399)
('top secret plastic grass training', 562)
('cryogenic candy receiving', 533)
('projectile weaponized jellybean reacquisition', 573)
